Wearable/build/outputs/logs/manifest-merger-debug-report.txt
-- Merging decision tree log ---
manifest
ADDED from src\main\AndroidManifest.xml:17:1-48:12
INJECTED from src\main\AndroidManifest.xml:17:1-48:12
INJECTED from src\main\AndroidManifest.xml:17:1-48:12
MERGED from [com.google.android.gms:play-services-wearable:11.8.0] AndroidManifest.xml:17:1-24:12
MERGED from [com.android.support:support-v13:26.0.2] AndroidManifest.xml:17:1-31:12
MERGED from [com.google.android.support:wearable:2.2.0] AndroidManifest.xml:2:1-15:12
MERGED from [com.google.firebase:firebase-core:11.8.0] AndroidManifest.xml:2:1-6:12
MERGED from [com.google.firebase:firebase-database:11.8.0] AndroidManifest.xml:2:1-8:12
MERGED from [com.google.android.gms:play-services-base:11.8.0] AndroidManifest.xml:17:1-29:12
MERGED from [com.google.firebase:firebase-analytics:11.8.0] AndroidManifest.xml:17:1-54:12
MERGED from [com.google.firebase:firebase-database-connection:11.8.0] AndroidManifest.xml:2:1-8:12
MERGED from [com.google.firebase:firebase-analytics-impl:11.8.0] AndroidManifest.xml:17:1-40:12
MERGED from [com.google.firebase:firebase-iid:11.8.0] AndroidManifest.xml:17:1-59:12
MERGED from [com.google.firebase:firebase-common:11.8.0] AndroidManifest.xml:2:1-15:12
MERGED from [com.google.android.gms:play-services-tasks:11.8.0] AndroidManifest.xml:2:1-9:12
MERGED from [com.google.android.gms:play-services-basement:11.8.0] AndroidManifest.xml:17:1-28:12
MERGED from [com.google.android.gms:play-services-wearable-license:11.8.0] AndroidManifest.xml:2:1-6:12
MERGED from [com.android.support:recyclerview-v7:26.0.2] AndroidManifest.xml:17:1-28:12
MERGED from [com.android.support:percent:26.0.2] AndroidManifest.xml:17:1-28:12
MERGED from [com.android.support:support-v4:26.0.2] AndroidManifest.xml:17:1-31:12
MERGED from [com.android.support:support-fragment:26.0.2] AndroidManifest.xml:17:1-31:12
MERGED from [com.android.support:support-core-ui:26.0.2] AndroidManifest.xml:17:1-31:12
MERGED from [com.android.support:support-media-compat:26.0.2] AndroidManifest.xml:17:1-31:12
MERGED from [com.android.support:support-core-utils:26.0.2] AndroidManifest.xml:17:1-31:12
MERGED from [com.android.support:support-compat:26.0.2] AndroidManifest.xml:17:1-31:12
MERGED from [com.google.firebase:firebase-database-license:11.8.0] AndroidManifest.xml:2:1-6:12
MERGED from [com.google.android.gms:play-services-base-license:11.8.0] AndroidManifest.xml:2:1-6:12
MERGED from [com.google.android.gms:play-services-basement-license:11.8.0] AndroidManifest.xml:2:1-6:12
MERGED from [com.google.android.gms:play-services-tasks-license:11.8.0] AndroidManifest.xml:2:1-6:12
MERGED from [com.google.firebase:firebase-analytics-license:11.8.0] AndroidManifest.xml:2:1-6:12
MERGED from [com.google.firebase:firebase-database-connection-license:11.8.0] AndroidManifest.xml:2:1-6:12
MERGED from [com.google.firebase:firebase-common-license:11.8.0] AndroidManifest.xml:2:1-6:12
MERGED from [com.google.firebase:firebase-analytics-impl-license:11.8.0] AndroidManifest.xml:2:1-6:12
MERGED from [com.google.firebase:firebase-iid-license:11.8.0] AndroidManifest.xml:2:1-6:12
INJECTED from src\main\AndroidManifest.xml:17:1-48:12
INJECTED from src\main\AndroidManifest.xml:17:1-48:12
	package
		ADDED from src\main\AndroidManifest.xml:18:11-61
	android:versionName
		INJECTED from src\main\AndroidManifest.xml
		ADDED from src\main\AndroidManifest.xml:17:1-48:12
		INJECTED from src\main\AndroidManifest.xml
	android:versionCode
		INJECTED from src\main\AndroidManifest.xml
		ADDED from src\main\AndroidManifest.xml:17:1-48:12
		INJECTED from src\main\AndroidManifest.xml
	xmlns:android
		ADDED from src\main\AndroidManifest.xml:17:11-69
uses-sdk
ADDED from src\main\AndroidManifest.xml:20:4-21:46
INJECTED from src\main\AndroidManifest.xml:20:4-21:46
INJECTED from src\main\AndroidManifest.xml:20:4-21:46
MERGED from [com.google.android.gms:play-services-wearable:11.8.0] AndroidManifest.xml:20:5-44
MERGED from [com.google.android.gms:play-services-wearable:11.8.0] AndroidManifest.xml:20:5-44
MERGED from [com.android.support:support-v13:26.0.2] AndroidManifest.xml:21:5-23:55
MERGED from [com.android.support:support-v13:26.0.2] AndroidManifest.xml:21:5-23:55
MERGED from [com.google.android.support:wearable:2.2.0] AndroidManifest.xml:5:5-7:41
MERGED from [com.google.android.support:wearable:2.2.0] AndroidManifest.xml:5:5-7:41
MERGED from [com.google.firebase:firebase-core:11.8.0] AndroidManifest.xml:4:5-43
MERGED from [com.google.firebase:firebase-core:11.8.0] AndroidManifest.xml:4:5-43
MERGED from [com.google.firebase:firebase-database:11.8.0] AndroidManifest.xml:6:5-44
MERGED from [com.google.firebase:firebase-database:11.8.0] AndroidManifest.xml:6:5-44
MERGED from [com.google.android.gms:play-services-base:11.8.0] AndroidManifest.xml:20:5-44
MERGED from [com.google.android.gms:play-services-base:11.8.0] AndroidManifest.xml:20:5-44
MERGED from [com.google.firebase:firebase-analytics:11.8.0] AndroidManifest.xml:20:5-44
MERGED from [com.google.firebase:firebase-analytics:11.8.0] AndroidManifest.xml:20:5-44
MERGED from [com.google.firebase:firebase-database-connection:11.8.0] AndroidManifest.xml:6:5-44
MERGED from [com.google.firebase:firebase-database-connection:11.8.0] AndroidManifest.xml:6:5-44
MERGED from [com.google.firebase:firebase-analytics-impl:11.8.0] AndroidManifest.xml:20:5-44
MERGED from [com.google.firebase:firebase-analytics-impl:11.8.0] AndroidManifest.xml:20:5-44
MERGED from [com.google.firebase:firebase-iid:11.8.0] AndroidManifest.xml:20:5-44
MERGED from [com.google.firebase:firebase-iid:11.8.0] AndroidManifest.xml:20:5-44
MERGED from [com.google.firebase:firebase-common:11.8.0] AndroidManifest.xml:5:5-44
MERGED from [com.google.firebase:firebase-common:11.8.0] AndroidManifest.xml:5:5-44
MERGED from [com.google.android.gms:play-services-tasks:11.8.0] AndroidManifest.xml:5:5-44
MERGED from [com.google.android.gms:play-services-tasks:11.8.0] AndroidManifest.xml:5:5-44
MERGED from [com.google.android.gms:play-services-basement:11.8.0] AndroidManifest.xml:20:5-44
MERGED from [com.google.android.gms:play-services-basement:11.8.0] AndroidManifest.xml:20:5-44
MERGED from [com.google.android.gms:play-services-wearable-license:11.8.0] AndroidManifest.xml:4:5-43
MERGED from [com.google.android.gms:play-services-wearable-license:11.8.0] AndroidManifest.xml:4:5-43
MERGED from [com.android.support:recyclerview-v7:26.0.2] AndroidManifest.xml:20:5-44
MERGED from [com.android.support:recyclerview-v7:26.0.2] AndroidManifest.xml:20:5-44
MERGED from [com.android.support:percent:26.0.2] AndroidManifest.xml:20:5-44
MERGED from [com.android.support:percent:26.0.2] AndroidManifest.xml:20:5-44
MERGED from [com.android.support:support-v4:26.0.2] AndroidManifest.xml:21:5-23:54
MERGED from [com.android.support:support-v4:26.0.2] AndroidManifest.xml:21:5-23:54
MERGED from [com.android.support:support-fragment:26.0.2] AndroidManifest.xml:21:5-23:60
MERGED from [com.android.support:support-fragment:26.0.2] AndroidManifest.xml:21:5-23:60
MERGED from [com.android.support:support-core-ui:26.0.2] AndroidManifest.xml:21:5-23:58
MERGED from [com.android.support:support-core-ui:26.0.2] AndroidManifest.xml:21:5-23:58
MERGED from [com.android.support:support-media-compat:26.0.2] AndroidManifest.xml:21:5-23:63
MERGED from [com.android.support:support-media-compat:26.0.2] AndroidManifest.xml:21:5-23:63
MERGED from [com.android.support:support-core-utils:26.0.2] AndroidManifest.xml:21:5-23:61
MERGED from [com.android.support:support-core-utils:26.0.2] AndroidManifest.xml:21:5-23:61
MERGED from [com.android.support:support-compat:26.0.2] AndroidManifest.xml:21:5-23:58
MERGED from [com.android.support:support-compat:26.0.2] AndroidManifest.xml:21:5-23:58
MERGED from [com.google.firebase:firebase-database-license:11.8.0] AndroidManifest.xml:4:5-43
MERGED from [com.google.firebase:firebase-database-license:11.8.0] AndroidManifest.xml:4:5-43
MERGED from [com.google.android.gms:play-services-base-license:11.8.0] AndroidManifest.xml:4:5-43
MERGED from [com.google.android.gms:play-services-base-license:11.8.0] AndroidManifest.xml:4:5-43
MERGED from [com.google.android.gms:play-services-basement-license:11.8.0] AndroidManifest.xml:4:5-43
MERGED from [com.google.android.gms:play-services-basement-license:11.8.0] AndroidManifest.xml:4:5-43
MERGED from [com.google.android.gms:play-services-tasks-license:11.8.0] AndroidManifest.xml:4:5-43
MERGED from [com.google.android.gms:play-services-tasks-license:11.8.0] AndroidManifest.xml:4:5-43
MERGED from [com.google.firebase:firebase-analytics-license:11.8.0] AndroidManifest.xml:4:5-43
MERGED from [com.google.firebase:firebase-analytics-license:11.8.0] AndroidManifest.xml:4:5-43
MERGED from [com.google.firebase:firebase-database-connection-license:11.8.0] AndroidManifest.xml:4:5-43
MERGED from [com.google.firebase:firebase-database-connection-license:11.8.0] AndroidManifest.xml:4:5-43
MERGED from [com.google.firebase:firebase-common-license:11.8.0] AndroidManifest.xml:4:5-43
MERGED from [com.google.firebase:firebase-common-license:11.8.0] AndroidManifest.xml:4:5-43
MERGED from [com.google.firebase:firebase-analytics-impl-license:11.8.0] AndroidManifest.xml:4:5-43
MERGED from [com.google.firebase:firebase-analytics-impl-license:11.8.0] AndroidManifest.xml:4:5-43
MERGED from [com.google.firebase:firebase-iid-license:11.8.0] AndroidManifest.xml:4:5-43
MERGED from [com.google.firebase:firebase-iid-license:11.8.0] AndroidManifest.xml:4:5-43
INJECTED from src\main\AndroidManifest.xml:20:4-21:46
INJECTED from src\main\AndroidManifest.xml:20:4-21:46
	tools:overrideLibrary
		ADDED from [com.android.support:support-v13:26.0.2] AndroidManifest.xml:23:9-52
	android:targetSdkVersion
		ADDED from src\main\AndroidManifest.xml:21:14-43
		INJECTED from src\main\AndroidManifest.xml
		INJECTED from src\main\AndroidManifest.xml
	android:minSdkVersion
		ADDED from src\main\AndroidManifest.xml:20:14-40
		INJECTED from src\main\AndroidManifest.xml
		INJECTED from src\main\AndroidManifest.xml
uses-feature#android.hardware.type.watch
ADDED from src\main\AndroidManifest.xml:23:5-64
	android:name
		ADDED from src\main\AndroidManifest.xml:23:19-61
uses-permission#android.permission.VIBRATE
ADDED from src\main\AndroidManifest.xml:25:5-65
	android:name
		ADDED from src\main\AndroidManifest.xml:25:22-63
uses-permission#android.permission.BODY_SENSORS
ADDED from src\main\AndroidManifest.xml:26:5-70
	android:name
		ADDED from src\main\AndroidManifest.xml:26:22-68
application
ADDED from src\main\AndroidManifest.xml:28:5-46:19
MERGED from [com.google.android.gms:play-services-wearable:11.8.0] AndroidManifest.xml:22:5-20
MERGED from [com.google.android.gms:play-services-wearable:11.8.0] AndroidManifest.xml:22:5-20
MERGED from [com.android.support:support-v13:26.0.2] AndroidManifest.xml:25:5-29:19
MERGED from [com.android.support:support-v13:26.0.2] AndroidManifest.xml:25:5-29:19
MERGED from [com.google.android.support:wearable:2.2.0] AndroidManifest.xml:9:5-13:19
MERGED from [com.google.android.support:wearable:2.2.0] AndroidManifest.xml:9:5-13:19
MERGED from [com.google.firebase:firebase-core:11.8.0] AndroidManifest.xml:5:5-20
MERGED from [com.google.firebase:firebase-core:11.8.0] AndroidManifest.xml:5:5-20
MERGED from [com.google.android.gms:play-services-base:11.8.0] AndroidManifest.xml:22:5-27:19
MERGED from [com.google.android.gms:play-services-base:11.8.0] AndroidManifest.xml:22:5-27:19
MERGED from [com.google.firebase:firebase-analytics:11.8.0] AndroidManifest.xml:27:5-52:19
MERGED from [com.google.firebase:firebase-analytics:11.8.0] AndroidManifest.xml:27:5-52:19
MERGED from [com.google.firebase:firebase-analytics-impl:11.8.0] AndroidManifest.xml:27:5-38:19
MERGED from [com.google.firebase:firebase-analytics-impl:11.8.0] AndroidManifest.xml:27:5-38:19
MERGED from [com.google.firebase:firebase-iid:11.8.0] AndroidManifest.xml:34:5-57:19
MERGED from [com.google.firebase:firebase-iid:11.8.0] AndroidManifest.xml:34:5-57:19
MERGED from [com.google.firebase:firebase-common:11.8.0] AndroidManifest.xml:7:5-13:19
MERGED from [com.google.firebase:firebase-common:11.8.0] AndroidManifest.xml:7:5-13:19
MERGED from [com.google.android.gms:play-services-tasks:11.8.0] AndroidManifest.xml:7:5-20
MERGED from [com.google.android.gms:play-services-tasks:11.8.0] AndroidManifest.xml:7:5-20
MERGED from [com.google.android.gms:play-services-basement:11.8.0] AndroidManifest.xml:22:5-26:19
MERGED from [com.google.android.gms:play-services-basement:11.8.0] AndroidManifest.xml:22:5-26:19
MERGED from [com.google.android.gms:play-services-wearable-license:11.8.0] AndroidManifest.xml:5:5-20
MERGED from [com.google.android.gms:play-services-wearable-license:11.8.0] AndroidManifest.xml:5:5-20
MERGED from [com.android.support:recyclerview-v7:26.0.2] AndroidManifest.xml:22:5-26:19
MERGED from [com.android.support:recyclerview-v7:26.0.2] AndroidManifest.xml:22:5-26:19
MERGED from [com.android.support:percent:26.0.2] AndroidManifest.xml:22:5-26:19
MERGED from [com.android.support:percent:26.0.2] AndroidManifest.xml:22:5-26:19
MERGED from [com.android.support:support-v4:26.0.2] AndroidManifest.xml:25:5-29:19
MERGED from [com.android.support:support-v4:26.0.2] AndroidManifest.xml:25:5-29:19
MERGED from [com.android.support:support-fragment:26.0.2] AndroidManifest.xml:25:5-29:19
MERGED from [com.android.support:support-fragment:26.0.2] AndroidManifest.xml:25:5-29:19
MERGED from [com.android.support:support-core-ui:26.0.2] AndroidManifest.xml:25:5-29:19
MERGED from [com.android.support:support-core-ui:26.0.2] AndroidManifest.xml:25:5-29:19
MERGED from [com.android.support:support-media-compat:26.0.2] AndroidManifest.xml:25:5-29:19
MERGED from [com.android.support:support-media-compat:26.0.2] AndroidManifest.xml:25:5-29:19
MERGED from [com.android.support:support-core-utils:26.0.2] AndroidManifest.xml:25:5-29:19
MERGED from [com.android.support:support-core-utils:26.0.2] AndroidManifest.xml:25:5-29:19
MERGED from [com.android.support:support-compat:26.0.2] AndroidManifest.xml:25:5-29:19
MERGED from [com.android.support:support-compat:26.0.2] AndroidManifest.xml:25:5-29:19
MERGED from [com.google.firebase:firebase-database-license:11.8.0] AndroidManifest.xml:5:5-20
MERGED from [com.google.firebase:firebase-database-license:11.8.0] AndroidManifest.xml:5:5-20
MERGED from [com.google.android.gms:play-services-base-license:11.8.0] AndroidManifest.xml:5:5-20
MERGED from [com.google.android.gms:play-services-base-license:11.8.0] AndroidManifest.xml:5:5-20
MERGED from [com.google.android.gms:play-services-basement-license:11.8.0] AndroidManifest.xml:5:5-20
MERGED from [com.google.android.gms:play-services-basement-license:11.8.0] AndroidManifest.xml:5:5-20
MERGED from [com.google.android.gms:play-services-tasks-license:11.8.0] AndroidManifest.xml:5:5-20
MERGED from [com.google.android.gms:play-services-tasks-license:11.8.0] AndroidManifest.xml:5:5-20
MERGED from [com.google.firebase:firebase-analytics-license:11.8.0] AndroidManifest.xml:5:5-20
MERGED from [com.google.firebase:firebase-analytics-license:11.8.0] AndroidManifest.xml:5:5-20
MERGED from [com.google.firebase:firebase-database-connection-license:11.8.0] AndroidManifest.xml:5:5-20
MERGED from [com.google.firebase:firebase-database-connection-license:11.8.0] AndroidManifest.xml:5:5-20
MERGED from [com.google.firebase:firebase-common-license:11.8.0] AndroidManifest.xml:5:5-20
MERGED from [com.google.firebase:firebase-common-license:11.8.0] AndroidManifest.xml:5:5-20
MERGED from [com.google.firebase:firebase-analytics-impl-license:11.8.0] AndroidManifest.xml:5:5-20
MERGED from [com.google.firebase:firebase-analytics-impl-license:11.8.0] AndroidManifest.xml:5:5-20
MERGED from [com.google.firebase:firebase-iid-license:11.8.0] AndroidManifest.xml:5:5-20
MERGED from [com.google.firebase:firebase-iid-license:11.8.0] AndroidManifest.xml:5:5-20
	android:label
		ADDED from src\main\AndroidManifest.xml:31:13-45
	android:icon
		ADDED from src\main\AndroidManifest.xml:30:13-49
	android:allowBackup
		ADDED from src\main\AndroidManifest.xml:29:13-39
	android:theme
		ADDED from src\main\AndroidManifest.xml:32:13-69
meta-data#com.google.android.wearable.standalone
ADDED from src\main\AndroidManifest.xml:34:9-36:36
	android:value
		ADDED from src\main\AndroidManifest.xml:36:13-33
	android:name
		ADDED from src\main\AndroidManifest.xml:35:13-66
activity#com.example.android.wearable.jumpingjack.MainActivity
ADDED from src\main\AndroidManifest.xml:38:9-45:20
	android:label
		ADDED from src\main\AndroidManifest.xml:40:17-49
	android:name
		ADDED from src\main\AndroidManifest.xml:39:17-45
intent-filter#android.intent.action.MAIN+android.intent.category.LAUNCHER
ADDED from src\main\AndroidManifest.xml:41:13-44:29
action#android.intent.action.MAIN
ADDED from src\main\AndroidManifest.xml:42:17-68
	android:name
		ADDED from src\main\AndroidManifest.xml:42:25-66
category#android.intent.category.LAUNCHER
ADDED from src\main\AndroidManifest.xml:43:17-76
	android:name
		ADDED from src\main\AndroidManifest.xml:43:27-74
meta-data#android.support.VERSION
ADDED from [com.android.support:support-v13:26.0.2] AndroidManifest.xml:26:9-28:38
MERGED from [com.android.support:recyclerview-v7:26.0.2] AndroidManifest.xml:23:9-25:38
MERGED from [com.android.support:recyclerview-v7:26.0.2] AndroidManifest.xml:23:9-25:38
MERGED from [com.android.support:percent:26.0.2] AndroidManifest.xml:23:9-25:38
MERGED from [com.android.support:percent:26.0.2] AndroidManifest.xml:23:9-25:38
MERGED from [com.android.support:support-v4:26.0.2] AndroidManifest.xml:26:9-28:38
MERGED from [com.android.support:support-v4:26.0.2] AndroidManifest.xml:26:9-28:38
MERGED from [com.android.support:support-fragment:26.0.2] AndroidManifest.xml:26:9-28:38
MERGED from [com.android.support:support-fragment:26.0.2] AndroidManifest.xml:26:9-28:38
MERGED from [com.android.support:support-core-ui:26.0.2] AndroidManifest.xml:26:9-28:38
MERGED from [com.android.support:support-core-ui:26.0.2] AndroidManifest.xml:26:9-28:38
MERGED from [com.android.support:support-media-compat:26.0.2] AndroidManifest.xml:26:9-28:38
MERGED from [com.android.support:support-media-compat:26.0.2] AndroidManifest.xml:26:9-28:38
MERGED from [com.android.support:support-core-utils:26.0.2] AndroidManifest.xml:26:9-28:38
MERGED from [com.android.support:support-core-utils:26.0.2] AndroidManifest.xml:26:9-28:38
MERGED from [com.android.support:support-compat:26.0.2] AndroidManifest.xml:26:9-28:38
MERGED from [com.android.support:support-compat:26.0.2] AndroidManifest.xml:26:9-28:38
	android:value
		ADDED from [com.android.support:support-v13:26.0.2] AndroidManifest.xml:28:13-35
	android:name
		ADDED from [com.android.support:support-v13:26.0.2] AndroidManifest.xml:27:13-51
uses-library#com.google.android.wearable
ADDED from [com.google.android.support:wearable:2.2.0] AndroidManifest.xml:10:9-12:40
	android:required
		ADDED from [com.google.android.support:wearable:2.2.0] AndroidManifest.xml:12:13-37
	android:name
		ADDED from [com.google.android.support:wearable:2.2.0] AndroidManifest.xml:11:13-55
activity#com.google.android.gms.common.api.GoogleApiActivity
ADDED from [com.google.android.gms:play-services-base:11.8.0] AndroidManifest.xml:23:9-26:75
	android:exported
		ADDED from [com.google.android.gms:play-services-base:11.8.0] AndroidManifest.xml:25:13-37
	android:theme
		ADDED from [com.google.android.gms:play-services-base:11.8.0] AndroidManifest.xml:26:13-72
	android:name
		ADDED from [com.google.android.gms:play-services-base:11.8.0] AndroidManifest.xml:24:13-79
uses-permission#android.permission.INTERNET
ADDED from [com.google.firebase:firebase-analytics:11.8.0] AndroidManifest.xml:23:5-67
MERGED from [com.google.firebase:firebase-analytics-impl:11.8.0] AndroidManifest.xml:23:5-67
MERGED from [com.google.firebase:firebase-analytics-impl:11.8.0] AndroidManifest.xml:23:5-67
MERGED from [com.google.firebase:firebase-iid:11.8.0] AndroidManifest.xml:23:5-67
MERGED from [com.google.firebase:firebase-iid:11.8.0] AndroidManifest.xml:23:5-67
	android:name
		ADDED from [com.google.firebase:firebase-analytics:11.8.0] AndroidManifest.xml:23:22-64
uses-permission#android.permission.ACCESS_NETWORK_STATE
ADDED from [com.google.firebase:firebase-analytics:11.8.0] AndroidManifest.xml:24:5-79
MERGED from [com.google.firebase:firebase-analytics-impl:11.8.0] AndroidManifest.xml:24:5-79
MERGED from [com.google.firebase:firebase-analytics-impl:11.8.0] AndroidManifest.xml:24:5-79
MERGED from [com.google.firebase:firebase-iid:11.8.0] AndroidManifest.xml:22:5-79
MERGED from [com.google.firebase:firebase-iid:11.8.0] AndroidManifest.xml:22:5-79
	android:name
		ADDED from [com.google.firebase:firebase-analytics:11.8.0] AndroidManifest.xml:24:22-76
uses-permission#android.permission.WAKE_LOCK
ADDED from [com.google.firebase:firebase-analytics:11.8.0] AndroidManifest.xml:25:5-68
MERGED from [com.google.firebase:firebase-analytics-impl:11.8.0] AndroidManifest.xml:25:5-68
MERGED from [com.google.firebase:firebase-analytics-impl:11.8.0] AndroidManifest.xml:25:5-68
MERGED from [com.google.firebase:firebase-iid:11.8.0] AndroidManifest.xml:24:5-68
MERGED from [com.google.firebase:firebase-iid:11.8.0] AndroidManifest.xml:24:5-68
	android:name
		ADDED from [com.google.firebase:firebase-analytics:11.8.0] AndroidManifest.xml:25:22-65
receiver#com.google.android.gms.measurement.AppMeasurementReceiver
ADDED from [com.google.firebase:firebase-analytics:11.8.0] AndroidManifest.xml:28:9-32:20
MERGED from [com.google.firebase:firebase-analytics-impl:11.8.0] AndroidManifest.xml:28:9-32:20
MERGED from [com.google.firebase:firebase-analytics-impl:11.8.0] AndroidManifest.xml:28:9-32:20
	android:enabled
		ADDED from [com.google.firebase:firebase-analytics:11.8.0] AndroidManifest.xml:30:13-35
	android:exported
		ADDED from [com.google.firebase:firebase-analytics:11.8.0] AndroidManifest.xml:31:13-37
	android:name
		ADDED from [com.google.firebase:firebase-analytics:11.8.0] AndroidManifest.xml:29:13-85
receiver#com.google.android.gms.measurement.AppMeasurementInstallReferrerReceiver
ADDED from [com.google.firebase:firebase-analytics:11.8.0] AndroidManifest.xml:33:9-41:20
	android:enabled
		ADDED from [com.google.firebase:firebase-analytics:11.8.0] AndroidManifest.xml:35:13-35
	android:exported
		ADDED from [com.google.firebase:firebase-analytics:11.8.0] AndroidManifest.xml:36:13-36
	android:permission
		ADDED from [com.google.firebase:firebase-analytics:11.8.0] AndroidManifest.xml:37:13-69
	android:name
		ADDED from [com.google.firebase:firebase-analytics:11.8.0] AndroidManifest.xml:34:13-100
intent-filter#com.android.vending.INSTALL_REFERRER
ADDED from [com.google.firebase:firebase-analytics:11.8.0] AndroidManifest.xml:38:13-40:29
action#com.android.vending.INSTALL_REFERRER
ADDED from [com.google.firebase:firebase-analytics:11.8.0] AndroidManifest.xml:39:17-79
	android:name
		ADDED from [com.google.firebase:firebase-analytics:11.8.0] AndroidManifest.xml:39:25-76
service#com.google.android.gms.measurement.AppMeasurementService
ADDED from [com.google.firebase:firebase-analytics:11.8.0] AndroidManifest.xml:43:9-46:40
MERGED from [com.google.firebase:firebase-analytics-impl:11.8.0] AndroidManifest.xml:34:9-37:40
MERGED from [com.google.firebase:firebase-analytics-impl:11.8.0] AndroidManifest.xml:34:9-37:40
	android:enabled
		ADDED from [com.google.firebase:firebase-analytics:11.8.0] AndroidManifest.xml:45:13-35
	android:exported
		ADDED from [com.google.firebase:firebase-analytics:11.8.0] AndroidManifest.xml:46:13-37
	android:name
		ADDED from [com.google.firebase:firebase-analytics:11.8.0] AndroidManifest.xml:44:13-84
service#com.google.android.gms.measurement.AppMeasurementJobService
ADDED from [com.google.firebase:firebase-analytics:11.8.0] AndroidManifest.xml:47:9-51:72
	android:enabled
		ADDED from [com.google.firebase:firebase-analytics:11.8.0] AndroidManifest.xml:49:13-35
	android:exported
		ADDED from [com.google.firebase:firebase-analytics:11.8.0] AndroidManifest.xml:50:13-37
	android:permission
		ADDED from [com.google.firebase:firebase-analytics:11.8.0] AndroidManifest.xml:51:13-69
	android:name
		ADDED from [com.google.firebase:firebase-analytics:11.8.0] AndroidManifest.xml:48:13-87
uses-permission#com.google.android.c2dm.permission.RECEIVE
ADDED from [com.google.firebase:firebase-iid:11.8.0] AndroidManifest.xml:26:5-82
	android:name
		ADDED from [com.google.firebase:firebase-iid:11.8.0] AndroidManifest.xml:26:22-79
permission#${applicationId}.permission.C2D_MESSAGE
ADDED from [com.google.firebase:firebase-iid:11.8.0] AndroidManifest.xml:28:5-30:47
	android:protectionLevel
		ADDED from [com.google.firebase:firebase-iid:11.8.0] AndroidManifest.xml:30:9-44
	android:name
		ADDED from [com.google.firebase:firebase-iid:11.8.0] AndroidManifest.xml:29:9-63
permission#com.example.android.wearable.jumpingjack.permission.C2D_MESSAGE
ADDED from [com.google.firebase:firebase-iid:11.8.0] AndroidManifest.xml:28:5-30:47
	android:protectionLevel
		ADDED from [com.google.firebase:firebase-iid:11.8.0] AndroidManifest.xml:30:9-44
	android:name
		ADDED from [com.google.firebase:firebase-iid:11.8.0] AndroidManifest.xml:29:9-63
uses-permission#${applicationId}.permission.C2D_MESSAGE
ADDED from [com.google.firebase:firebase-iid:11.8.0] AndroidManifest.xml:32:5-79
	android:name
		ADDED from [com.google.firebase:firebase-iid:11.8.0] AndroidManifest.xml:32:22-76
uses-permission#com.example.android.wearable.jumpingjack.permission.C2D_MESSAGE
ADDED from [com.google.firebase:firebase-iid:11.8.0] AndroidManifest.xml:32:5-79
	android:name
		ADDED from [com.google.firebase:firebase-iid:11.8.0] AndroidManifest.xml:32:22-76
receiver#com.google.firebase.iid.FirebaseInstanceIdReceiver
ADDED from [com.google.firebase:firebase-iid:11.8.0] AndroidManifest.xml:35:9-44:20
	android:exported
		ADDED from [com.google.firebase:firebase-iid:11.8.0] AndroidManifest.xml:37:13-36
	android:permission
		ADDED from [com.google.firebase:firebase-iid:11.8.0] AndroidManifest.xml:38:13-73
	android:name
		ADDED from [com.google.firebase:firebase-iid:11.8.0] AndroidManifest.xml:36:13-78
intent-filter#${applicationId}+com.google.android.c2dm.intent.RECEIVE
ADDED from [com.google.firebase:firebase-iid:11.8.0] AndroidManifest.xml:39:13-43:29
intent-filter#com.example.android.wearable.jumpingjack+com.google.android.c2dm.intent.RECEIVE
ADDED from [com.google.firebase:firebase-iid:11.8.0] AndroidManifest.xml:39:13-43:29
action#com.google.android.c2dm.intent.RECEIVE
ADDED from [com.google.firebase:firebase-iid:11.8.0] AndroidManifest.xml:40:17-81
	android:name
		ADDED from [com.google.firebase:firebase-iid:11.8.0] AndroidManifest.xml:40:25-78
category#${applicationId}
ADDED from [com.google.firebase:firebase-iid:11.8.0] AndroidManifest.xml:42:17-61
	android:name
		ADDED from [com.google.firebase:firebase-iid:11.8.0] AndroidManifest.xml:42:27-58
category#com.example.android.wearable.jumpingjack
ADDED from [com.google.firebase:firebase-iid:11.8.0] AndroidManifest.xml:42:17-61
	android:name
		ADDED from [com.google.firebase:firebase-iid:11.8.0] AndroidManifest.xml:42:27-58
service#com.google.firebase.iid.FirebaseInstanceIdService
ADDED from [com.google.firebase:firebase-iid:11.8.0] AndroidManifest.xml:50:9-56:19
	android:exported
		ADDED from [com.google.firebase:firebase-iid:11.8.0] AndroidManifest.xml:52:13-36
	android:name
		ADDED from [com.google.firebase:firebase-iid:11.8.0] AndroidManifest.xml:51:13-77
intent-filter#com.google.firebase.INSTANCE_ID_EVENT
ADDED from [com.google.firebase:firebase-iid:11.8.0] AndroidManifest.xml:53:13-55:29
	android:priority
		ADDED from [com.google.firebase:firebase-iid:11.8.0] AndroidManifest.xml:53:28-51
action#com.google.firebase.INSTANCE_ID_EVENT
ADDED from [com.google.firebase:firebase-iid:11.8.0] AndroidManifest.xml:54:17-80
	android:name
		ADDED from [com.google.firebase:firebase-iid:11.8.0] AndroidManifest.xml:54:25-77
provider#com.google.firebase.provider.FirebaseInitProvider
ADDED from [com.google.firebase:firebase-common:11.8.0] AndroidManifest.xml:8:9-12:39
	android:authorities
		ADDED from [com.google.firebase:firebase-common:11.8.0] AndroidManifest.xml:10:13-72
	android:exported
		ADDED from [com.google.firebase:firebase-common:11.8.0] AndroidManifest.xml:11:13-37
	android:initOrder
		ADDED from [com.google.firebase:firebase-common:11.8.0] AndroidManifest.xml:12:13-36
	android:name
		ADDED from [com.google.firebase:firebase-common:11.8.0] AndroidManifest.xml:9:13-77
meta-data#com.google.android.gms.version
ADDED from [com.google.android.gms:play-services-basement:11.8.0] AndroidManifest.xml:23:9-25:69
	android:value
		ADDED from [com.google.android.gms:play-services-basement:11.8.0] AndroidManifest.xml:25:13-66
	android:name
		ADDED from [com.google.android.gms:play-services-basement:11.8.0] AndroidManifest.xml:24:13-58